This is LuaHBTeX, Version 1.14.0 (TeX Live 2022/dev/Debian)  (format=lualatex 2023.9.5)  14 OCT 2025 13:42
 restricted system commands enabled.
**main.texlualatex -output-directory=out main.tex
(/usr/share/texlive/texmf-dist/tex/latex/tools/q.tex
! Interruption.
<everyjob> \directlua {
            require("lualatexquotejobname.lua")}\typeout {\fmtname \space <\fmt
l.1 
  %%
? 
! Emergency stop.
<everyjob> \directlua {
            require("lualatexquotejobname.lua")}\typeout {\fmtname \space <\fmt
l.1 
  %%
End of file on the terminal!



Here is how much of LuaTeX's memory you used:
 12 strings out of 477805
 100000,383344 words of node,token memory allocated 275 words of node memory still in use:
   1 hlist, 1 dir, 39 glue_spec nodes
   avail lists: 2:12,3:1,4:1
 20823 multiletter control sequences out of 65536+600000
 14 fonts using 591679 bytes
 2i,0n,0p,88b,6s stack positions out of 5000i,500n,10000p,200000b,80000s
!  ==> Fatal error occurred, no output PDF file produced!
